28/8/2025, 3:37:23 pm — [INFO] — -->GET--->
28/8/2025, 3:37:23 pm — [INFO] — -->GET--->
28/8/2025, 3:37:31 pm — [INFO] — -->POST--->
28/8/2025, 3:37:42 pm — [INFO] — -->GET--->
28/8/2025, 3:37:42 pm — [INFO] — -->GET--->
28/8/2025, 3:37:42 pm — [INFO] — -->GET--->
28/8/2025, 3:37:42 pm — [INFO] — -->GET--->payments
28/8/2025, 3:37:42 pm — [INFO] — -->GET--->
28/8/2025, 3:37:42 pm — [INFO] — -->GET--->payments
28/8/2025, 3:37:43 pm — [INFO] — -->GET--->
28/8/2025, 3:37:43 pm — [INFO] — -->GET--->
28/8/2025, 3:37:43 pm — [INFO] — -->GET--->
28/8/2025, 3:37:43 pm — [INFO] — -->GET--->
28/8/2025, 3:37:58 pm — [INFO] — -->GET--->
28/8/2025, 3:37:58 pm — [INFO] — -->GET--->
28/8/2025, 3:37:58 pm — [INFO] — -->GET--->
28/8/2025, 3:37:58 pm — [INFO] — -->GET--->bills
28/8/2025, 3:37:58 pm — [INFO] — -->GET--->
28/8/2025, 3:37:58 pm — [INFO] — -->GET--->bills
28/8/2025, 3:37:58 pm — [INFO] — -->GET--->
28/8/2025, 3:37:58 pm — [INFO] — -->GET--->
28/8/2025, 3:37:59 pm — [INFO] — -->GET--->
28/8/2025, 3:37:59 pm — [INFO] — -->GET--->
28/8/2025, 3:38:05 pm — [INFO] — -->GET--->
28/8/2025, 3:38:05 pm — [INFO] — -->GET--->
28/8/2025, 3:38:05 pm — [INFO] — -->GET--->
28/8/2025, 3:38:05 pm — [INFO] — -->GET--->
28/8/2025, 3:38:05 pm — [INFO] — -->GET--->
28/8/2025, 3:38:05 pm — [INFO] — -->GET--->
28/8/2025, 3:38:26 pm — [INFO] — -->GET--->
28/8/2025, 3:38:26 pm — [INFO] — -->GET--->
28/8/2025, 3:38:26 pm — [INFO] — -->GET--->
28/8/2025, 3:38:26 pm — [INFO] — -->GET--->payments
28/8/2025, 3:38:26 pm — [INFO] — -->GET--->
28/8/2025, 3:38:26 pm — [INFO] — -->GET--->payments
28/8/2025, 3:38:26 pm — [INFO] — -->GET--->
28/8/2025, 3:38:26 pm — [INFO] — -->GET--->
28/8/2025, 3:38:26 pm — [INFO] — -->GET--->
28/8/2025, 3:38:26 pm — [INFO] — -->GET--->
28/8/2025, 3:38:32 pm — [INFO] — -->GET--->
28/8/2025, 3:38:32 pm — [INFO] — -->GET--->
28/8/2025, 3:38:32 pm — [INFO] — -->GET--->
28/8/2025, 3:38:32 pm — [INFO] — -->GET--->
28/8/2025, 3:38:32 pm — [INFO] — -->GET--->
28/8/2025, 3:38:32 pm — [INFO] — -->GET--->
28/8/2025, 3:38:41 pm — [INFO] — -->GET--->
28/8/2025, 3:38:41 pm — [INFO] — -->GET--->
28/8/2025, 3:38:41 pm — [INFO] — -->GET--->
28/8/2025, 3:38:41 pm — [INFO] — -->GET--->payments
28/8/2025, 3:38:41 pm — [INFO] — -->GET--->
28/8/2025, 3:38:41 pm — [INFO] — -->GET--->payments
28/8/2025, 3:38:41 pm — [INFO] — -->GET--->
28/8/2025, 3:38:41 pm — [INFO] — -->GET--->
28/8/2025, 3:38:42 pm — [INFO] — -->GET--->
28/8/2025, 3:38:42 pm — [INFO] — -->GET--->
28/8/2025, 3:38:48 pm — [INFO] — -->GET--->
28/8/2025, 3:38:48 pm — [INFO] — -->GET--->
28/8/2025, 3:38:48 pm — [INFO] — -->GET--->
28/8/2025, 3:38:48 pm — [INFO] — -->GET--->
28/8/2025, 3:38:55 pm — [INFO] — -->GET--->
28/8/2025, 3:38:55 pm — [INFO] — -->GET--->
28/8/2025, 3:38:55 pm — [INFO] — -->GET--->
28/8/2025, 3:38:55 pm — [INFO] — -->GET--->
28/8/2025, 3:38:55 pm — [INFO] — -->GET--->
28/8/2025, 3:38:55 pm — [INFO] — -->GET--->
28/8/2025, 3:39:25 pm — [INFO] — -->GET--->
28/8/2025, 3:39:25 pm — [INFO] — -->GET--->
28/8/2025, 3:39:25 pm — [INFO] — -->GET--->
28/8/2025, 3:39:25 pm — [INFO] — -->GET--->
28/8/2025, 3:40:19 pm — [INFO] — -->POST--->
28/8/2025, 3:41:39 pm — [INFO] — -->POST--->
28/8/2025, 3:41:52 pm — [INFO] — -->PUT--->
28/8/2025, 3:41:57 pm — [INFO] — -->GET--->
28/8/2025, 3:41:57 pm — [INFO] — -->GET--->
28/8/2025, 3:41:57 pm — [INFO] — -->GET--->
28/8/2025, 3:41:57 pm — [INFO] — -->GET--->
28/8/2025, 3:42:02 pm — [INFO] — -->GET--->
28/8/2025, 3:42:02 pm — [INFO] — -->GET--->
28/8/2025, 3:42:02 pm — [INFO] — -->GET--->
28/8/2025, 3:42:02 pm — [INFO] — -->GET--->
28/8/2025, 3:42:02 pm — [INFO] — -->GET--->
28/8/2025, 3:42:02 pm — [INFO] — -->GET--->
28/8/2025, 3:42:07 pm — [INFO] — -->GET--->
28/8/2025, 3:42:09 pm — [INFO] — -->GET--->
28/8/2025, 3:42:09 pm — [INFO] — -->GET--->
28/8/2025, 3:42:09 pm — [INFO] — -->GET--->
28/8/2025, 3:42:10 pm — [INFO] — -->GET--->
28/8/2025, 3:42:10 pm — [INFO] — -->GET--->
28/8/2025, 3:42:11 pm — [INFO] — -->GET--->
28/8/2025, 3:42:11 pm — [INFO] — -->GET--->
28/8/2025, 3:42:12 pm — [INFO] — -->GET--->
28/8/2025, 3:42:12 pm — [INFO] — -->GET--->
28/8/2025, 3:42:12 pm — [INFO] — -->GET--->
28/8/2025, 3:42:13 pm — [INFO] — -->GET--->
28/8/2025, 3:42:13 pm — [INFO] — -->GET--->
28/8/2025, 3:42:14 pm — [INFO] — -->GET--->
28/8/2025, 3:42:14 pm — [INFO] — -->GET--->
28/8/2025, 3:42:14 pm — [INFO] — -->GET--->
28/8/2025, 3:42:15 pm — [INFO] — -->GET--->
28/8/2025, 3:42:15 pm — [INFO] — -->GET--->
28/8/2025, 3:42:20 pm — [INFO] — -->GET--->
28/8/2025, 3:42:20 pm — [INFO] — -->GET--->
28/8/2025, 3:42:25 pm — [INFO] — -->GET--->
28/8/2025, 3:42:25 pm — [INFO] — -->GET--->
28/8/2025, 3:42:25 pm — [INFO] — -->GET--->
28/8/2025, 3:42:25 pm — [INFO] — -->GET--->
28/8/2025, 3:42:25 pm — [INFO] — -->GET--->
28/8/2025, 3:42:25 pm — [INFO] — -->GET--->
28/8/2025, 3:42:32 pm — [INFO] — -->GET--->
28/8/2025, 3:42:36 pm — [INFO] — -->POST--->
28/8/2025, 3:42:36 pm — [INFO] — -->POST--->
28/8/2025, 3:42:37 pm — [INFO] — -->GET--->
28/8/2025, 3:42:37 pm — [INFO] — -->GET--->
28/8/2025, 3:42:41 pm — [INFO] — -->GET--->
28/8/2025, 3:42:42 pm — [INFO] — -->GET--->
28/8/2025, 3:42:43 pm — [INFO] — -->GET--->
28/8/2025, 3:42:48 pm — [INFO] — -->GET--->
28/8/2025, 3:42:51 pm — [INFO] — -->GET--->
28/8/2025, 3:42:57 pm — [INFO] — -->GET--->
28/8/2025, 3:43:52 pm — [INFO] — -->GET--->
28/8/2025, 3:43:52 pm — [INFO] — -->GET--->
28/8/2025, 3:43:53 pm — [INFO] — -->GET--->
28/8/2025, 3:44:01 pm — [INFO] — -->GET--->
28/8/2025, 3:44:03 pm — [INFO] — -->GET--->
28/8/2025, 3:44:03 pm — [INFO] — -->GET--->
28/8/2025, 3:44:07 pm — [INFO] — -->POST--->
28/8/2025, 3:44:07 pm — [INFO] — -->GET--->
28/8/2025, 3:44:07 pm — [INFO] — -->GET--->
28/8/2025, 3:44:11 pm — [INFO] — -->GET--->
28/8/2025, 3:44:12 pm — [INFO] — -->GET--->
28/8/2025, 3:44:12 pm — [INFO] — -->GET--->
28/8/2025, 3:44:13 pm — [INFO] — -->GET--->
28/8/2025, 3:44:14 pm — [INFO] — -->GET--->
28/8/2025, 3:44:15 pm — [INFO] — -->GET--->
28/8/2025, 3:44:16 pm — [INFO] — -->GET--->
28/8/2025, 3:44:20 pm — [INFO] — -->POST--->
28/8/2025, 3:44:20 pm — [INFO] — -->POST--->
28/8/2025, 3:44:20 pm — [INFO] — -->GET--->
28/8/2025, 3:44:20 pm — [INFO] — -->GET--->
28/8/2025, 3:44:21 pm — [INFO] — -->GET--->
28/8/2025, 3:44:22 pm — [INFO] — -->GET--->
28/8/2025, 3:44:23 pm — [INFO] — -->GET--->
28/8/2025, 3:44:30 pm — [INFO] — -->GET--->
28/8/2025, 3:44:30 pm — [INFO] — -->GET--->
28/8/2025, 3:44:30 pm — [INFO] — -->GET--->
28/8/2025, 3:44:30 pm — [INFO] — -->GET--->payments
28/8/2025, 3:44:30 pm — [INFO] — -->GET--->
28/8/2025, 3:44:30 pm — [INFO] — -->GET--->payments
28/8/2025, 3:44:30 pm — [INFO] — -->GET--->
28/8/2025, 3:44:30 pm — [INFO] — -->GET--->
28/8/2025, 3:44:30 pm — [INFO] — -->GET--->
28/8/2025, 3:44:30 pm — [INFO] — -->GET--->
28/8/2025, 3:44:35 pm — [INFO] — -->GET--->
28/8/2025, 3:44:36 pm — [INFO] — -->GET--->
28/8/2025, 3:44:36 pm — [INFO] — -->GET--->
28/8/2025, 3:44:36 pm — [INFO] — -->GET--->
28/8/2025, 3:44:36 pm — [INFO] — -->GET--->
28/8/2025, 3:44:36 pm — [INFO] — -->GET--->
28/8/2025, 3:47:02 pm — [INFO] — -->GET--->
28/8/2025, 3:47:02 pm — [INFO] — -->GET--->
28/8/2025, 3:47:02 pm — [INFO] — -->GET--->
28/8/2025, 3:47:02 pm — [INFO] — -->GET--->
28/8/2025, 3:47:02 pm — [INFO] — -->GET--->
28/8/2025, 3:47:02 pm — [INFO] — -->GET--->
28/8/2025, 3:47:06 pm — [INFO] — -->GET--->
28/8/2025, 3:47:06 pm — [INFO] — -->GET--->
28/8/2025, 3:47:06 pm — [INFO] — -->GET--->
28/8/2025, 3:47:06 pm — [INFO] — -->GET--->payments
28/8/2025, 3:47:06 pm — [INFO] — -->GET--->
28/8/2025, 3:47:06 pm — [INFO] — -->GET--->payments
28/8/2025, 3:47:06 pm — [INFO] — -->GET--->
28/8/2025, 3:47:06 pm — [INFO] — -->GET--->
28/8/2025, 3:47:06 pm — [INFO] — -->GET--->
28/8/2025, 3:47:06 pm — [INFO] — -->GET--->
28/8/2025, 3:58:48 pm — [INFO] — -->GET--->
28/8/2025, 3:58:49 pm — [INFO] — -->GET--->
28/8/2025, 4:06:24 pm — [INFO] — -->GET--->
28/8/2025, 4:06:24 pm — [INFO] — -->GET--->
28/8/2025, 4:06:27 pm — [INFO] — -->GET--->
28/8/2025, 4:06:28 pm — [INFO] — -->GET--->
28/8/2025, 4:06:28 pm — [INFO] — -->GET--->
28/8/2025, 4:06:28 pm — [INFO] — -->GET--->
28/8/2025, 4:06:28 pm — [INFO] — -->GET--->
28/8/2025, 4:06:28 pm — [INFO] — -->GET--->
28/8/2025, 4:06:31 pm — [INFO] — -->GET--->
28/8/2025, 4:06:31 pm — [INFO] — -->GET--->
28/8/2025, 4:06:31 pm — [INFO] — -->GET--->
28/8/2025, 4:06:31 pm — [INFO] — -->GET--->payments
28/8/2025, 4:06:31 pm — [INFO] — -->GET--->
28/8/2025, 4:06:31 pm — [INFO] — -->GET--->payments
28/8/2025, 4:06:31 pm — [INFO] — -->GET--->
28/8/2025, 4:06:31 pm — [INFO] — -->GET--->
28/8/2025, 4:06:31 pm — [INFO] — -->GET--->
28/8/2025, 4:06:31 pm — [INFO] — -->GET--->
28/8/2025, 4:08:29 pm — [INFO] — -->GET--->
28/8/2025, 4:08:29 pm — [INFO] — -->GET--->
28/8/2025, 4:08:32 pm — [INFO] — -->GET--->
28/8/2025, 4:08:32 pm — [INFO] — -->GET--->
28/8/2025, 4:08:32 pm — [INFO] — -->GET--->
28/8/2025, 4:08:32 pm — [INFO] — -->GET--->payments
28/8/2025, 4:08:32 pm — [INFO] — -->GET--->
28/8/2025, 4:08:32 pm — [INFO] — -->GET--->payments
28/8/2025, 4:08:32 pm — [INFO] — -->GET--->
28/8/2025, 4:08:32 pm — [INFO] — -->GET--->
28/8/2025, 4:08:32 pm — [INFO] — -->GET--->
28/8/2025, 4:08:32 pm — [INFO] — -->GET--->
28/8/2025, 4:08:46 pm — [INFO] — -->POST--->
28/8/2025, 4:08:46 pm — [INFO] — -->POST--->payments
28/8/2025, 4:08:47 pm — [INFO] — -->GET--->
28/8/2025, 4:08:47 pm — [INFO] — -->GET--->
28/8/2025, 4:08:47 pm — [INFO] — -->GET--->payments
28/8/2025, 4:08:47 pm — [INFO] — -->GET--->
28/8/2025, 4:08:47 pm — [INFO] — -->GET--->
28/8/2025, 4:08:56 pm — [INFO] — -->GET--->
28/8/2025, 4:08:56 pm — [INFO] — -->GET--->
28/8/2025, 4:08:58 pm — [INFO] — -->GET--->
28/8/2025, 4:08:58 pm — [INFO] — -->GET--->
28/8/2025, 4:08:58 pm — [INFO] — -->GET--->
28/8/2025, 4:08:58 pm — [INFO] — -->GET--->payments
28/8/2025, 4:08:58 pm — [INFO] — -->GET--->
28/8/2025, 4:08:58 pm — [INFO] — -->GET--->payments
28/8/2025, 4:08:58 pm — [INFO] — -->GET--->
28/8/2025, 4:08:58 pm — [INFO] — -->GET--->
28/8/2025, 4:08:58 pm — [INFO] — -->GET--->
28/8/2025, 4:08:58 pm — [INFO] — -->GET--->
28/8/2025, 4:10:03 pm — [INFO] — -->PUT--->
28/8/2025, 4:10:03 pm — [INFO] — -->PUT--->payments
28/8/2025, 4:10:11 pm — [INFO] — -->GET--->
28/8/2025, 4:10:11 pm — [INFO] — -->GET--->
28/8/2025, 4:10:11 pm — [INFO] — -->GET--->
28/8/2025, 4:10:11 pm — [INFO] — -->GET--->bills
28/8/2025, 4:10:11 pm — [INFO] — -->GET--->
28/8/2025, 4:10:11 pm — [INFO] — -->GET--->bills
28/8/2025, 4:10:11 pm — [INFO] — -->GET--->
28/8/2025, 4:10:11 pm — [INFO] — -->GET--->
28/8/2025, 4:10:11 pm — [INFO] — -->GET--->
28/8/2025, 4:10:11 pm — [INFO] — -->GET--->
28/8/2025, 4:11:43 pm — [INFO] — -->GET--->
28/8/2025, 4:11:43 pm — [INFO] — -->GET--->
28/8/2025, 4:11:48 pm — [INFO] — -->GET--->
28/8/2025, 4:11:48 pm — [INFO] — -->GET--->
28/8/2025, 4:11:48 pm — [INFO] — -->GET--->
28/8/2025, 4:11:48 pm — [INFO] — -->GET--->bills
28/8/2025, 4:11:48 pm — [INFO] — -->GET--->
28/8/2025, 4:11:48 pm — [INFO] — -->GET--->bills
28/8/2025, 4:11:48 pm — [INFO] — -->GET--->
28/8/2025, 4:11:48 pm — [INFO] — -->GET--->
28/8/2025, 4:11:48 pm — [INFO] — -->GET--->
28/8/2025, 4:11:48 pm — [INFO] — -->GET--->
28/8/2025, 4:11:51 pm — [INFO] — -->GET--->
28/8/2025, 4:11:51 pm — [INFO] — -->GET--->
28/8/2025, 4:11:51 pm — [INFO] — -->GET--->
28/8/2025, 4:11:52 pm — [INFO] — -->GET--->
28/8/2025, 4:11:52 pm — [INFO] — -->GET--->
28/8/2025, 4:11:52 pm — [INFO] — -->GET--->
28/8/2025, 4:11:52 pm — [INFO] — -->GET--->
28/8/2025, 4:11:52 pm — [INFO] — -->GET--->
28/8/2025, 4:11:52 pm — [INFO] — -->GET--->
28/8/2025, 4:11:52 pm — [INFO] — -->GET--->
28/8/2025, 4:12:01 pm — [INFO] — -->GET--->
28/8/2025, 4:12:01 pm — [INFO] — -->GET--->
28/8/2025, 4:12:01 pm — [INFO] — -->GET--->
28/8/2025, 4:12:01 pm — [INFO] — -->GET--->
28/8/2025, 4:12:01 pm — [INFO] — -->GET--->
28/8/2025, 4:12:01 pm — [INFO] — -->GET--->
28/8/2025, 4:12:01 pm — [INFO] — -->GET--->
28/8/2025, 4:12:01 pm — [INFO] — -->GET--->
28/8/2025, 4:12:01 pm — [INFO] — -->GET--->
28/8/2025, 4:12:01 pm — [INFO] — -->GET--->
28/8/2025, 4:12:07 pm — [INFO] — -->POST--->
28/8/2025, 4:12:07 pm — [INFO] — -->POST--->bills
28/8/2025, 4:14:17 pm — [INFO] — -->GET--->
28/8/2025, 4:14:17 pm — [INFO] — -->GET--->
28/8/2025, 4:14:30 pm — [INFO] — -->GET--->
28/8/2025, 4:14:30 pm — [INFO] — -->GET--->
28/8/2025, 4:14:30 pm — [INFO] — -->GET--->
28/8/2025, 4:14:30 pm — [INFO] — -->GET--->bills
28/8/2025, 4:14:30 pm — [INFO] — -->GET--->
28/8/2025, 4:14:30 pm — [INFO] — -->GET--->bills
28/8/2025, 4:14:30 pm — [INFO] — -->GET--->
28/8/2025, 4:14:30 pm — [INFO] — -->GET--->
28/8/2025, 4:14:31 pm — [INFO] — -->GET--->
28/8/2025, 4:14:31 pm — [INFO] — -->GET--->
28/8/2025, 4:15:13 pm — [INFO] — -->GET--->
28/8/2025, 4:15:13 pm — [INFO] — -->GET--->
28/8/2025, 4:15:13 pm — [INFO] — -->GET--->
28/8/2025, 4:15:13 pm — [INFO] — -->GET--->
28/8/2025, 4:15:13 pm — [INFO] — -->GET--->
28/8/2025, 4:15:13 pm — [INFO] — -->GET--->
28/8/2025, 4:15:13 pm — [INFO] — -->GET--->
28/8/2025, 4:15:13 pm — [INFO] — -->GET--->
28/8/2025, 4:15:13 pm — [INFO] — -->GET--->
28/8/2025, 4:15:13 pm — [INFO] — -->GET--->
28/8/2025, 4:15:34 pm — [INFO] — -->GET--->
28/8/2025, 4:15:34 pm — [INFO] — -->GET--->
28/8/2025, 4:15:34 pm — [INFO] — -->GET--->
28/8/2025, 4:15:34 pm — [INFO] — -->GET--->
28/8/2025, 4:15:34 pm — [INFO] — -->GET--->
28/8/2025, 4:15:34 pm — [INFO] — -->GET--->
28/8/2025, 4:15:42 pm — [INFO] — -->GET--->
28/8/2025, 4:15:42 pm — [INFO] — -->GET--->
28/8/2025, 4:15:42 pm — [INFO] — -->GET--->
28/8/2025, 4:15:42 pm — [INFO] — -->GET--->bills
28/8/2025, 4:15:42 pm — [INFO] — -->GET--->
28/8/2025, 4:15:42 pm — [INFO] — -->GET--->bills
28/8/2025, 4:15:42 pm — [INFO] — -->GET--->
28/8/2025, 4:15:42 pm — [INFO] — -->GET--->
28/8/2025, 4:15:42 pm — [INFO] — -->GET--->
28/8/2025, 4:15:42 pm — [INFO] — -->GET--->
28/8/2025, 4:15:50 pm — [INFO] — -->GET--->
28/8/2025, 4:15:50 pm — [INFO] — -->GET--->
28/8/2025, 4:15:50 pm — [INFO] — -->GET--->
28/8/2025, 4:15:51 pm — [INFO] — -->GET--->
28/8/2025, 4:15:51 pm — [INFO] — -->GET--->
28/8/2025, 4:15:51 pm — [INFO] — -->GET--->
28/8/2025, 4:15:51 pm — [INFO] — -->GET--->
28/8/2025, 4:15:51 pm — [INFO] — -->GET--->
28/8/2025, 4:15:51 pm — [INFO] — -->GET--->
28/8/2025, 4:15:51 pm — [INFO] — -->GET--->
28/8/2025, 4:19:06 pm — [INFO] — -->GET--->
28/8/2025, 4:19:06 pm — [INFO] — -->GET--->
28/8/2025, 4:19:10 pm — [INFO] — -->GET--->
28/8/2025, 4:19:10 pm — [INFO] — -->GET--->
28/8/2025, 4:19:10 pm — [INFO] — -->GET--->
28/8/2025, 4:19:10 pm — [INFO] — -->GET--->payments
28/8/2025, 4:19:11 pm — [INFO] — -->GET--->
28/8/2025, 4:19:11 pm — [INFO] — -->GET--->payments
28/8/2025, 4:19:11 pm — [INFO] — -->GET--->
28/8/2025, 4:19:11 pm — [INFO] — -->GET--->
28/8/2025, 4:19:11 pm — [INFO] — -->GET--->
28/8/2025, 4:19:11 pm — [INFO] — -->GET--->
28/8/2025, 4:19:14 pm — [INFO] — -->GET--->
28/8/2025, 4:19:14 pm — [INFO] — -->GET--->
28/8/2025, 4:19:14 pm — [INFO] — -->GET--->
28/8/2025, 4:19:14 pm — [INFO] — -->GET--->bills
28/8/2025, 4:19:14 pm — [INFO] — -->GET--->
28/8/2025, 4:19:14 pm — [INFO] — -->GET--->
28/8/2025, 4:19:14 pm — [INFO] — -->GET--->
28/8/2025, 4:19:14 pm — [INFO] — -->GET--->bills
28/8/2025, 4:19:15 pm — [INFO] — -->GET--->
28/8/2025, 4:19:15 pm — [INFO] — -->GET--->
28/8/2025, 4:20:38 pm — [INFO] — -->GET--->
28/8/2025, 4:20:38 pm — [INFO] — -->GET--->
28/8/2025, 4:20:41 pm — [INFO] — -->GET--->
28/8/2025, 4:20:41 pm — [INFO] — -->GET--->
28/8/2025, 4:20:41 pm — [INFO] — -->GET--->
28/8/2025, 4:20:41 pm — [INFO] — -->GET--->bills
28/8/2025, 4:20:41 pm — [INFO] — -->GET--->
28/8/2025, 4:20:41 pm — [INFO] — -->GET--->bills
28/8/2025, 4:20:41 pm — [INFO] — -->GET--->
28/8/2025, 4:20:41 pm — [INFO] — -->GET--->
28/8/2025, 4:20:41 pm — [INFO] — -->GET--->
28/8/2025, 4:20:41 pm — [INFO] — -->GET--->
28/8/2025, 4:20:43 pm — [INFO] — -->GET--->
28/8/2025, 4:20:43 pm — [INFO] — -->GET--->
28/8/2025, 4:20:43 pm — [INFO] — -->GET--->
28/8/2025, 4:20:43 pm — [INFO] — -->GET--->
28/8/2025, 4:20:43 pm — [INFO] — -->GET--->
28/8/2025, 4:20:43 pm — [INFO] — -->GET--->
28/8/2025, 4:20:43 pm — [INFO] — -->GET--->
28/8/2025, 4:20:43 pm — [INFO] — -->GET--->
28/8/2025, 4:20:44 pm — [INFO] — -->GET--->
28/8/2025, 4:20:44 pm — [INFO] — -->GET--->
28/8/2025, 4:21:28 pm — [INFO] — -->GET--->
28/8/2025, 4:21:28 pm — [INFO] — -->GET--->
28/8/2025, 4:21:31 pm — [INFO] — -->GET--->
28/8/2025, 4:21:31 pm — [INFO] — -->GET--->
28/8/2025, 4:21:31 pm — [INFO] — -->GET--->
28/8/2025, 4:21:31 pm — [INFO] — -->GET--->bills
28/8/2025, 4:21:31 pm — [INFO] — -->GET--->
28/8/2025, 4:21:31 pm — [INFO] — -->GET--->bills
28/8/2025, 4:21:31 pm — [INFO] — -->GET--->
28/8/2025, 4:21:31 pm — [INFO] — -->GET--->
28/8/2025, 4:21:31 pm — [INFO] — -->GET--->
28/8/2025, 4:21:31 pm — [INFO] — -->GET--->
28/8/2025, 4:21:33 pm — [INFO] — -->GET--->
28/8/2025, 4:21:33 pm — [INFO] — -->GET--->
28/8/2025, 4:21:33 pm — [INFO] — -->GET--->
28/8/2025, 4:21:33 pm — [INFO] — -->GET--->
28/8/2025, 4:21:33 pm — [INFO] — -->GET--->
28/8/2025, 4:21:33 pm — [INFO] — -->GET--->
28/8/2025, 4:21:33 pm — [INFO] — -->GET--->
28/8/2025, 4:21:33 pm — [INFO] — -->GET--->
28/8/2025, 4:21:33 pm — [INFO] — -->GET--->
28/8/2025, 4:21:33 pm — [INFO] — -->GET--->
28/8/2025, 4:23:33 pm — [INFO] — -->GET--->
28/8/2025, 4:23:33 pm — [INFO] — -->GET--->
28/8/2025, 4:23:33 pm — [INFO] — -->GET--->
28/8/2025, 4:23:33 pm — [INFO] — -->GET--->payments
28/8/2025, 4:23:33 pm — [INFO] — -->GET--->
28/8/2025, 4:23:33 pm — [INFO] — -->GET--->payments
28/8/2025, 4:23:33 pm — [INFO] — -->GET--->
28/8/2025, 4:23:33 pm — [INFO] — -->GET--->
28/8/2025, 4:23:33 pm — [INFO] — -->GET--->
28/8/2025, 4:23:33 pm — [INFO] — -->GET--->
28/8/2025, 4:27:57 pm — [INFO] — -->GET--->
28/8/2025, 4:27:57 pm — [INFO] — -->GET--->
