29/8/2025, 11:00:26 am — [INFO] — -->GET--->
29/8/2025, 11:00:26 am — [INFO] — -->GET--->
29/8/2025, 11:00:33 am — [INFO] — -->POST--->
29/8/2025, 11:00:36 am — [INFO] — -->GET--->
29/8/2025, 11:00:36 am — [INFO] — -->GET--->
29/8/2025, 11:00:36 am — [INFO] — -->GET--->
29/8/2025, 11:00:36 am — [INFO] — -->GET--->payments
29/8/2025, 11:00:37 am — [INFO] — -->GET--->
29/8/2025, 11:00:37 am — [INFO] — -->GET--->payments
29/8/2025, 11:00:37 am — [INFO] — -->GET--->
29/8/2025, 11:00:37 am — [INFO] — -->GET--->
29/8/2025, 11:00:37 am — [INFO] — -->GET--->
29/8/2025, 11:00:38 am — [INFO] — -->GET--->
29/8/2025, 11:01:16 am — [INFO] — -->PUT--->
29/8/2025, 11:01:16 am — [INFO] — -->PUT--->payments
29/8/2025, 11:10:04 am — [INFO] — -->GET--->
29/8/2025, 11:10:05 am — [INFO] — -->GET--->
29/8/2025, 11:10:08 am — [INFO] — -->GET--->
29/8/2025, 11:10:08 am — [INFO] — -->GET--->
29/8/2025, 11:10:08 am — [INFO] — -->GET--->
29/8/2025, 11:10:08 am — [INFO] — -->GET--->payments
29/8/2025, 11:10:08 am — [INFO] — -->GET--->
29/8/2025, 11:10:08 am — [INFO] — -->GET--->payments
29/8/2025, 11:10:08 am — [INFO] — -->GET--->
29/8/2025, 11:10:08 am — [INFO] — -->GET--->
29/8/2025, 11:10:08 am — [INFO] — -->GET--->
29/8/2025, 11:10:09 am — [INFO] — -->GET--->
29/8/2025, 11:10:21 am — [INFO] — -->PUT--->
29/8/2025, 11:10:21 am — [INFO] — -->PUT--->payments
29/8/2025, 11:11:25 am — [INFO] — -->GET--->
29/8/2025, 11:11:26 am — [INFO] — -->GET--->
29/8/2025, 11:11:31 am — [INFO] — -->GET--->
29/8/2025, 11:11:31 am — [INFO] — -->GET--->
29/8/2025, 11:11:31 am — [INFO] — -->GET--->
29/8/2025, 11:11:31 am — [INFO] — -->GET--->payments
29/8/2025, 11:11:32 am — [INFO] — -->GET--->
29/8/2025, 11:11:32 am — [INFO] — -->GET--->payments
29/8/2025, 11:11:32 am — [INFO] — -->GET--->
29/8/2025, 11:11:32 am — [INFO] — -->GET--->
29/8/2025, 11:11:32 am — [INFO] — -->GET--->
29/8/2025, 11:11:33 am — [INFO] — -->GET--->
29/8/2025, 11:11:40 am — [INFO] — -->PUT--->
29/8/2025, 11:11:40 am — [INFO] — -->PUT--->payments
29/8/2025, 11:11:40 am — [INFO] — -->GET--->
29/8/2025, 11:11:41 am — [INFO] — -->GET--->
29/8/2025, 11:11:41 am — [INFO] — -->GET--->payments
29/8/2025, 11:11:41 am — [INFO] — -->GET--->
29/8/2025, 11:11:41 am — [INFO] — -->GET--->
29/8/2025, 11:16:47 am — [INFO] — -->GET--->
29/8/2025, 11:16:48 am — [INFO] — -->GET--->
29/8/2025, 11:16:51 am — [INFO] — -->GET--->
29/8/2025, 11:16:51 am — [INFO] — -->GET--->
29/8/2025, 11:16:51 am — [INFO] — -->GET--->
29/8/2025, 11:16:51 am — [INFO] — -->GET--->payments
29/8/2025, 11:16:52 am — [INFO] — -->GET--->
29/8/2025, 11:16:52 am — [INFO] — -->GET--->payments
29/8/2025, 11:16:52 am — [INFO] — -->GET--->
29/8/2025, 11:16:52 am — [INFO] — -->GET--->
29/8/2025, 11:16:52 am — [INFO] — -->GET--->
29/8/2025, 11:16:52 am — [INFO] — -->GET--->
29/8/2025, 11:17:01 am — [INFO] — -->PUT--->
29/8/2025, 11:17:01 am — [INFO] — -->PUT--->payments
29/8/2025, 11:17:01 am — [INFO] — -->GET--->
29/8/2025, 11:17:01 am — [INFO] — -->GET--->
29/8/2025, 11:17:01 am — [INFO] — -->GET--->payments
29/8/2025, 11:17:02 am — [INFO] — -->GET--->
29/8/2025, 11:17:02 am — [INFO] — -->GET--->
29/8/2025, 11:17:08 am — [INFO] — -->GET--->
29/8/2025, 11:17:08 am — [INFO] — -->GET--->
29/8/2025, 11:17:08 am — [INFO] — -->GET--->payments
29/8/2025, 11:17:08 am — [INFO] — -->GET--->
29/8/2025, 11:17:08 am — [INFO] — -->GET--->
29/8/2025, 11:17:13 am — [INFO] — -->GET--->
29/8/2025, 11:17:14 am — [INFO] — -->GET--->
29/8/2025, 11:17:14 am — [INFO] — -->GET--->payments
29/8/2025, 11:17:14 am — [INFO] — -->GET--->
29/8/2025, 11:17:14 am — [INFO] — -->GET--->
29/8/2025, 11:17:16 am — [INFO] — -->GET--->
29/8/2025, 11:17:16 am — [INFO] — -->GET--->
29/8/2025, 11:17:16 am — [INFO] — -->GET--->payments
29/8/2025, 11:17:17 am — [INFO] — -->GET--->
29/8/2025, 11:17:17 am — [INFO] — -->GET--->
29/8/2025, 11:20:05 am — [INFO] — -->GET--->
29/8/2025, 11:20:05 am — [INFO] — -->GET--->
29/8/2025, 11:20:09 am — [INFO] — -->GET--->
29/8/2025, 11:20:09 am — [INFO] — -->GET--->
29/8/2025, 11:20:09 am — [INFO] — -->GET--->
29/8/2025, 11:20:09 am — [INFO] — -->GET--->payments
29/8/2025, 11:20:09 am — [INFO] — -->GET--->
29/8/2025, 11:20:09 am — [INFO] — -->GET--->payments
29/8/2025, 11:20:09 am — [INFO] — -->GET--->
29/8/2025, 11:20:09 am — [INFO] — -->GET--->
29/8/2025, 11:20:09 am — [INFO] — -->GET--->
29/8/2025, 11:20:09 am — [INFO] — -->GET--->
29/8/2025, 11:20:21 am — [INFO] — -->PUT--->
29/8/2025, 11:20:21 am — [INFO] — -->PUT--->payments
29/8/2025, 11:20:21 am — [INFO] — -->GET--->
29/8/2025, 11:20:21 am — [INFO] — -->GET--->
29/8/2025, 11:20:21 am — [INFO] — -->GET--->payments
29/8/2025, 11:20:21 am — [INFO] — -->GET--->
29/8/2025, 11:20:21 am — [INFO] — -->GET--->
29/8/2025, 11:20:34 am — [INFO] — -->POST--->
29/8/2025, 11:20:34 am — [INFO] — -->POST--->payments
29/8/2025, 11:20:34 am — [INFO] — -->GET--->
29/8/2025, 11:20:34 am — [INFO] — -->GET--->
29/8/2025, 11:20:34 am — [INFO] — -->GET--->payments
29/8/2025, 11:20:35 am — [INFO] — -->GET--->
29/8/2025, 11:20:35 am — [INFO] — -->GET--->
29/8/2025, 11:20:43 am — [INFO] — -->GET--->
29/8/2025, 11:20:44 am — [INFO] — -->GET--->
29/8/2025, 11:20:44 am — [INFO] — -->GET--->
29/8/2025, 11:20:44 am — [INFO] — -->GET--->bills
29/8/2025, 11:20:44 am — [INFO] — -->GET--->
29/8/2025, 11:20:44 am — [INFO] — -->GET--->bills
29/8/2025, 11:20:44 am — [INFO] — -->GET--->
29/8/2025, 11:20:44 am — [INFO] — -->GET--->
29/8/2025, 11:20:44 am — [INFO] — -->GET--->
29/8/2025, 11:20:44 am — [INFO] — -->GET--->
29/8/2025, 11:20:47 am — [INFO] — -->GET--->
29/8/2025, 11:20:47 am — [INFO] — -->GET--->
29/8/2025, 11:20:47 am — [INFO] — -->GET--->
29/8/2025, 11:20:47 am — [INFO] — -->GET--->
29/8/2025, 11:20:47 am — [INFO] — -->GET--->
29/8/2025, 11:20:47 am — [INFO] — -->GET--->
29/8/2025, 11:20:47 am — [INFO] — -->GET--->
29/8/2025, 11:20:47 am — [INFO] — -->GET--->
29/8/2025, 11:20:47 am — [INFO] — -->GET--->
29/8/2025, 11:20:47 am — [INFO] — -->GET--->
29/8/2025, 11:20:56 am — [INFO] — -->GET--->
29/8/2025, 11:20:57 am — [INFO] — -->GET--->
29/8/2025, 11:20:57 am — [INFO] — -->GET--->
29/8/2025, 11:20:57 am — [INFO] — -->GET--->
29/8/2025, 11:20:57 am — [INFO] — -->GET--->
29/8/2025, 11:20:57 am — [INFO] — -->GET--->
29/8/2025, 1:27:15 pm — [INFO] — -->GET--->
29/8/2025, 1:27:15 pm — [INFO] — -->GET--->
29/8/2025, 1:27:24 pm — [INFO] — -->POST--->
29/8/2025, 1:27:27 pm — [INFO] — -->GET--->
29/8/2025, 1:27:27 pm — [INFO] — -->GET--->
29/8/2025, 1:27:27 pm — [INFO] — -->GET--->
29/8/2025, 1:27:27 pm — [INFO] — -->GET--->payments
29/8/2025, 1:27:27 pm — [INFO] — -->GET--->
29/8/2025, 1:27:28 pm — [INFO] — -->GET--->payments
29/8/2025, 1:27:28 pm — [INFO] — -->GET--->
29/8/2025, 1:27:28 pm — [INFO] — -->GET--->
29/8/2025, 1:27:28 pm — [INFO] — -->GET--->
29/8/2025, 1:27:28 pm — [INFO] — -->GET--->
29/8/2025, 1:27:32 pm — [INFO] — -->GET--->
29/8/2025, 1:27:32 pm — [INFO] — -->GET--->
29/8/2025, 1:27:32 pm — [INFO] — -->GET--->
29/8/2025, 1:27:32 pm — [INFO] — -->GET--->
29/8/2025, 1:27:33 pm — [INFO] — -->GET--->
29/8/2025, 1:27:33 pm — [INFO] — -->GET--->
29/8/2025, 1:34:41 pm — [INFO] — -->GET--->
29/8/2025, 1:34:41 pm — [INFO] — -->GET--->
29/8/2025, 1:34:45 pm — [INFO] — -->GET--->
29/8/2025, 1:34:45 pm — [INFO] — -->GET--->
29/8/2025, 1:34:45 pm — [INFO] — -->GET--->
29/8/2025, 1:34:45 pm — [INFO] — -->GET--->payments
29/8/2025, 1:34:45 pm — [INFO] — -->GET--->
29/8/2025, 1:34:45 pm — [INFO] — -->GET--->payments
29/8/2025, 1:34:45 pm — [INFO] — -->GET--->
29/8/2025, 1:34:45 pm — [INFO] — -->GET--->
29/8/2025, 1:34:45 pm — [INFO] — -->GET--->
29/8/2025, 1:34:45 pm — [INFO] — -->GET--->
29/8/2025, 1:34:48 pm — [INFO] — -->GET--->
29/8/2025, 1:34:48 pm — [INFO] — -->GET--->
29/8/2025, 1:34:48 pm — [INFO] — -->GET--->
29/8/2025, 1:34:48 pm — [INFO] — -->GET--->
29/8/2025, 1:34:48 pm — [INFO] — -->GET--->
29/8/2025, 1:34:48 pm — [INFO] — -->GET--->
29/8/2025, 1:37:40 pm — [INFO] — -->GET--->
29/8/2025, 1:37:40 pm — [INFO] — -->GET--->
29/8/2025, 1:37:42 pm — [INFO] — -->GET--->
29/8/2025, 1:37:42 pm — [INFO] — -->GET--->
29/8/2025, 1:37:42 pm — [INFO] — -->GET--->
29/8/2025, 1:37:42 pm — [INFO] — -->GET--->
29/8/2025, 1:37:42 pm — [INFO] — -->GET--->
29/8/2025, 1:37:42 pm — [INFO] — -->GET--->
29/8/2025, 1:38:14 pm — [INFO] — -->GET--->
29/8/2025, 1:38:15 pm — [INFO] — -->GET--->
29/8/2025, 1:38:16 pm — [INFO] — -->GET--->
29/8/2025, 1:38:16 pm — [INFO] — -->GET--->
29/8/2025, 1:38:17 pm — [INFO] — -->GET--->
29/8/2025, 1:38:17 pm — [INFO] — -->GET--->
29/8/2025, 1:38:18 pm — [INFO] — -->GET--->
29/8/2025, 1:38:18 pm — [INFO] — -->GET--->
29/8/2025, 1:38:18 pm — [INFO] — -->GET--->
29/8/2025, 1:38:20 pm — [INFO] — -->GET--->
29/8/2025, 1:38:28 pm — [INFO] — -->GET--->
29/8/2025, 1:38:29 pm — [INFO] — -->GET--->
29/8/2025, 1:38:29 pm — [INFO] — -->GET--->
29/8/2025, 1:38:29 pm — [INFO] — -->GET--->
29/8/2025, 1:38:30 pm — [INFO] — -->GET--->
29/8/2025, 1:38:30 pm — [INFO] — -->GET--->
29/8/2025, 1:38:30 pm — [INFO] — -->GET--->
29/8/2025, 1:38:31 pm — [INFO] — -->GET--->
29/8/2025, 1:38:31 pm — [INFO] — -->GET--->
29/8/2025, 1:38:31 pm — [INFO] — -->GET--->
29/8/2025, 1:38:32 pm — [INFO] — -->GET--->
29/8/2025, 1:38:32 pm — [INFO] — -->GET--->
29/8/2025, 1:38:32 pm — [INFO] — -->GET--->
29/8/2025, 1:38:33 pm — [INFO] — -->GET--->
29/8/2025, 1:45:01 pm — [INFO] — -->GET--->
29/8/2025, 1:45:01 pm — [INFO] — -->GET--->
29/8/2025, 1:45:04 pm — [INFO] — -->GET--->
29/8/2025, 1:45:04 pm — [INFO] — -->GET--->
29/8/2025, 1:45:04 pm — [INFO] — -->GET--->
29/8/2025, 1:45:04 pm — [INFO] — -->GET--->payments
29/8/2025, 1:45:04 pm — [INFO] — -->GET--->
29/8/2025, 1:45:04 pm — [INFO] — -->GET--->payments
29/8/2025, 1:45:04 pm — [INFO] — -->GET--->
29/8/2025, 1:45:04 pm — [INFO] — -->GET--->
29/8/2025, 1:45:04 pm — [INFO] — -->GET--->
29/8/2025, 1:45:04 pm — [INFO] — -->GET--->
29/8/2025, 1:45:08 pm — [INFO] — -->GET--->
29/8/2025, 1:45:08 pm — [INFO] — -->GET--->
29/8/2025, 1:45:08 pm — [INFO] — -->GET--->
29/8/2025, 1:45:08 pm — [INFO] — -->GET--->
29/8/2025, 1:45:08 pm — [INFO] — -->GET--->
29/8/2025, 1:45:08 pm — [INFO] — -->GET--->
29/8/2025, 1:48:59 pm — [INFO] — -->GET--->
29/8/2025, 1:48:59 pm — [INFO] — -->GET--->
29/8/2025, 1:49:02 pm — [INFO] — -->GET--->
29/8/2025, 1:49:02 pm — [INFO] — -->GET--->
29/8/2025, 1:49:02 pm — [INFO] — -->GET--->
29/8/2025, 1:49:02 pm — [INFO] — -->GET--->
29/8/2025, 1:49:02 pm — [INFO] — -->GET--->
29/8/2025, 1:49:02 pm — [INFO] — -->GET--->
29/8/2025, 1:50:24 pm — [INFO] — -->GET--->
29/8/2025, 1:50:24 pm — [INFO] — -->GET--->
29/8/2025, 1:50:28 pm — [INFO] — -->GET--->
29/8/2025, 1:50:28 pm — [INFO] — -->GET--->
29/8/2025, 1:50:28 pm — [INFO] — -->GET--->
29/8/2025, 1:50:28 pm — [INFO] — -->GET--->
29/8/2025, 1:50:28 pm — [INFO] — -->GET--->
29/8/2025, 1:50:28 pm — [INFO] — -->GET--->
29/8/2025, 1:54:48 pm — [INFO] — -->GET--->
29/8/2025, 1:54:48 pm — [INFO] — -->GET--->
29/8/2025, 1:55:12 pm — [INFO] — -->GET--->
29/8/2025, 1:55:12 pm — [INFO] — -->GET--->
29/8/2025, 1:55:22 pm — [INFO] — -->GET--->
29/8/2025, 1:55:22 pm — [INFO] — -->GET--->
29/8/2025, 1:55:30 pm — [INFO] — -->POST--->
29/8/2025, 1:58:33 pm — [INFO] — -->GET--->
29/8/2025, 1:58:33 pm — [INFO] — -->GET--->
29/8/2025, 2:01:06 pm — [INFO] — -->POST--->
29/8/2025, 2:01:17 pm — [INFO] — -->GET--->
29/8/2025, 2:01:17 pm — [INFO] — -->GET--->
29/8/2025, 2:01:21 pm — [INFO] — -->GET--->
29/8/2025, 2:01:21 pm — [INFO] — -->GET--->
29/8/2025, 2:01:27 pm — [INFO] — -->GET--->
29/8/2025, 2:01:27 pm — [INFO] — -->GET--->
29/8/2025, 2:01:28 pm — [INFO] — -->GET--->
29/8/2025, 2:01:28 pm — [INFO] — -->GET--->bills
29/8/2025, 2:01:28 pm — [INFO] — -->GET--->
29/8/2025, 2:01:28 pm — [INFO] — -->GET--->bills
29/8/2025, 2:01:28 pm — [INFO] — -->GET--->
29/8/2025, 2:01:28 pm — [INFO] — -->GET--->
29/8/2025, 2:01:28 pm — [INFO] — -->GET--->
29/8/2025, 2:01:28 pm — [INFO] — -->GET--->
29/8/2025, 2:01:34 pm — [INFO] — -->GET--->
29/8/2025, 2:01:34 pm — [INFO] — -->GET--->
29/8/2025, 2:01:34 pm — [INFO] — -->GET--->
29/8/2025, 2:01:34 pm — [INFO] — -->GET--->payments
29/8/2025, 2:01:34 pm — [INFO] — -->GET--->
29/8/2025, 2:01:34 pm — [INFO] — -->GET--->payments
29/8/2025, 2:01:34 pm — [INFO] — -->GET--->
29/8/2025, 2:01:34 pm — [INFO] — -->GET--->
29/8/2025, 2:01:34 pm — [INFO] — -->GET--->
29/8/2025, 2:01:34 pm — [INFO] — -->GET--->
29/8/2025, 2:01:38 pm — [INFO] — -->GET--->
29/8/2025, 2:01:38 pm — [INFO] — -->GET--->
29/8/2025, 2:01:38 pm — [INFO] — -->GET--->
29/8/2025, 2:01:38 pm — [INFO] — -->GET--->
29/8/2025, 2:01:38 pm — [INFO] — -->GET--->
29/8/2025, 2:01:38 pm — [INFO] — -->GET--->
29/8/2025, 2:02:24 pm — [INFO] — -->GET--->
29/8/2025, 2:02:26 pm — [INFO] — -->GET--->
29/8/2025, 2:16:10 pm — [INFO] — -->GET--->
29/8/2025, 2:16:10 pm — [INFO] — -->GET--->
29/8/2025, 2:16:12 pm — [INFO] — -->POST--->
29/8/2025, 2:16:26 pm — [INFO] — -->GET--->
29/8/2025, 2:16:26 pm — [INFO] — -->GET--->
29/8/2025, 2:16:33 pm — [INFO] — -->POST--->
29/8/2025, 2:16:48 pm — [INFO] — -->POST--->
29/8/2025, 2:19:22 pm — [INFO] — -->GET--->
29/8/2025, 2:19:22 pm — [INFO] — -->GET--->
29/8/2025, 2:19:23 pm — [INFO] — -->POST--->
29/8/2025, 2:19:39 pm — [INFO] — -->POST--->
29/8/2025, 2:21:13 pm — [INFO] — -->GET--->
29/8/2025, 2:21:13 pm — [INFO] — -->GET--->
29/8/2025, 2:21:13 pm — [INFO] — -->GET--->
29/8/2025, 2:21:13 pm — [INFO] — -->GET--->
29/8/2025, 2:22:35 pm — [INFO] — -->GET--->
29/8/2025, 2:22:35 pm — [INFO] — -->GET--->
29/8/2025, 2:22:40 pm — [INFO] — -->GET--->
29/8/2025, 2:22:40 pm — [INFO] — -->GET--->
29/8/2025, 2:22:40 pm — [INFO] — -->GET--->
29/8/2025, 2:22:40 pm — [INFO] — -->GET--->
29/8/2025, 2:22:40 pm — [INFO] — -->GET--->
29/8/2025, 2:22:40 pm — [INFO] — -->GET--->
29/8/2025, 2:26:03 pm — [INFO] — -->POST--->
29/8/2025, 2:26:05 pm — [INFO] — -->GET--->
29/8/2025, 2:26:05 pm — [INFO] — -->GET--->
29/8/2025, 2:26:53 pm — [INFO] — -->POST--->
29/8/2025, 2:26:54 pm — [INFO] — -->GET--->
29/8/2025, 2:26:54 pm — [INFO] — -->GET--->
29/8/2025, 2:27:33 pm — [INFO] — -->POST--->
29/8/2025, 2:27:34 pm — [INFO] — -->GET--->
29/8/2025, 2:27:34 pm — [INFO] — -->GET--->
29/8/2025, 2:28:30 pm — [INFO] — -->POST--->
29/8/2025, 2:28:32 pm — [INFO] — -->POST--->
29/8/2025, 2:28:34 pm — [INFO] — -->GET--->
29/8/2025, 2:28:34 pm — [INFO] — -->GET--->
29/8/2025, 2:30:40 pm — [INFO] — -->GET--->
29/8/2025, 2:30:40 pm — [INFO] — -->GET--->
29/8/2025, 2:30:59 pm — [INFO] — -->POST--->
29/8/2025, 2:31:16 pm — [INFO] — -->POST--->
29/8/2025, 2:32:40 pm — [INFO] — -->POST--->
29/8/2025, 2:32:48 pm — [INFO] — -->POST--->
29/8/2025, 2:32:49 pm — [INFO] — -->GET--->
29/8/2025, 2:32:49 pm — [INFO] — -->GET--->
29/8/2025, 2:32:59 pm — [INFO] — -->GET--->
29/8/2025, 2:32:59 pm — [INFO] — -->GET--->
29/8/2025, 2:33:02 pm — [INFO] — -->POST--->
29/8/2025, 2:33:10 pm — [INFO] — -->POST--->
29/8/2025, 2:36:58 pm — [INFO] — -->POST--->
29/8/2025, 2:37:17 pm — [INFO] — -->POST--->
29/8/2025, 2:37:23 pm — [INFO] — -->GET--->
29/8/2025, 2:37:23 pm — [INFO] — -->GET--->
29/8/2025, 2:37:23 pm — [INFO] — -->GET--->
29/8/2025, 2:37:23 pm — [INFO] — -->GET--->bills
29/8/2025, 2:37:23 pm — [INFO] — -->GET--->
29/8/2025, 2:37:23 pm — [INFO] — -->GET--->bills
29/8/2025, 2:37:23 pm — [INFO] — -->GET--->
29/8/2025, 2:37:23 pm — [INFO] — -->GET--->
29/8/2025, 2:37:23 pm — [INFO] — -->GET--->
29/8/2025, 2:37:23 pm — [INFO] — -->GET--->
29/8/2025, 2:37:26 pm — [INFO] — -->POST--->
29/8/2025, 2:37:26 pm — [INFO] — -->POST--->bills
29/8/2025, 2:44:44 pm — [INFO] — -->GET--->
29/8/2025, 2:44:44 pm — [INFO] — -->GET--->
29/8/2025, 2:44:50 pm — [INFO] — -->GET--->
29/8/2025, 2:44:50 pm — [INFO] — -->GET--->
29/8/2025, 2:44:52 pm — [INFO] — -->POST--->
29/8/2025, 2:44:55 pm — [INFO] — -->GET--->
29/8/2025, 2:44:55 pm — [INFO] — -->GET--->
29/8/2025, 2:45:09 pm — [INFO] — -->POST--->
29/8/2025, 2:45:10 pm — [INFO] — -->GET--->
29/8/2025, 2:45:10 pm — [INFO] — -->GET--->
29/8/2025, 2:45:23 pm — [INFO] — -->GET--->
29/8/2025, 2:45:23 pm — [INFO] — -->GET--->
29/8/2025, 2:45:26 pm — [INFO] — -->POST--->
29/8/2025, 2:45:33 pm — [INFO] — -->POST--->
29/8/2025, 2:45:34 pm — [INFO] — -->GET--->
29/8/2025, 2:45:34 pm — [INFO] — -->GET--->
29/8/2025, 2:48:27 pm — [INFO] — -->GET--->
29/8/2025, 2:48:27 pm — [INFO] — -->GET--->
29/8/2025, 2:52:44 pm — [INFO] — -->GET--->
29/8/2025, 2:52:44 pm — [INFO] — -->GET--->
29/8/2025, 2:52:45 pm — [INFO] — -->GET--->
29/8/2025, 2:52:45 pm — [INFO] — -->GET--->
29/8/2025, 2:52:50 pm — [INFO] — -->GET--->
29/8/2025, 2:52:50 pm — [INFO] — -->GET--->
29/8/2025, 2:53:08 pm — [INFO] — -->GET--->
29/8/2025, 2:53:09 pm — [INFO] — -->GET--->
29/8/2025, 2:53:09 pm — [INFO] — -->GET--->
29/8/2025, 2:53:09 pm — [INFO] — -->GET--->
29/8/2025, 2:53:12 pm — [INFO] — -->GET--->
29/8/2025, 2:53:12 pm — [INFO] — -->GET--->
29/8/2025, 2:53:13 pm — [INFO] — -->GET--->
29/8/2025, 2:53:13 pm — [INFO] — -->GET--->payments
29/8/2025, 2:53:13 pm — [INFO] — -->GET--->
29/8/2025, 2:53:13 pm — [INFO] — -->GET--->payments
29/8/2025, 2:53:13 pm — [INFO] — -->GET--->
29/8/2025, 2:53:13 pm — [INFO] — -->GET--->
29/8/2025, 2:53:13 pm — [INFO] — -->GET--->
29/8/2025, 2:53:13 pm — [INFO] — -->GET--->
29/8/2025, 2:56:22 pm — [INFO] — -->GET--->
29/8/2025, 2:56:22 pm — [INFO] — -->GET--->
29/8/2025, 3:02:56 pm — [INFO] — -->GET--->
29/8/2025, 3:02:56 pm — [INFO] — -->GET--->
29/8/2025, 3:07:09 pm — [INFO] — -->GET--->
29/8/2025, 3:07:09 pm — [INFO] — -->GET--->
29/8/2025, 3:10:37 pm — [INFO] — -->GET--->
29/8/2025, 3:10:37 pm — [INFO] — -->GET--->
29/8/2025, 3:12:08 pm — [INFO] — -->GET--->
29/8/2025, 3:12:08 pm — [INFO] — -->GET--->
29/8/2025, 3:12:13 pm — [INFO] — -->GET--->
29/8/2025, 3:12:13 pm — [INFO] — -->GET--->
29/8/2025, 3:12:15 pm — [INFO] — -->GET--->
29/8/2025, 3:12:15 pm — [INFO] — -->GET--->
29/8/2025, 3:17:00 pm — [INFO] — -->GET--->
29/8/2025, 3:17:00 pm — [INFO] — -->GET--->
29/8/2025, 3:17:05 pm — [INFO] — -->GET--->
29/8/2025, 3:17:05 pm — [INFO] — -->GET--->
29/8/2025, 3:22:09 pm — [INFO] — -->GET--->
29/8/2025, 3:22:09 pm — [INFO] — -->GET--->
29/8/2025, 3:29:37 pm — [INFO] — -->GET--->
29/8/2025, 3:29:37 pm — [INFO] — -->GET--->
29/8/2025, 3:29:41 pm — [INFO] — -->GET--->
29/8/2025, 3:29:41 pm — [INFO] — -->GET--->
29/8/2025, 3:32:17 pm — [INFO] — -->GET--->
29/8/2025, 3:32:17 pm — [INFO] — -->GET--->
29/8/2025, 3:32:18 pm — [INFO] — -->GET--->
29/8/2025, 3:32:18 pm — [INFO] — -->GET--->
29/8/2025, 3:32:27 pm — [INFO] — -->GET--->
29/8/2025, 3:32:27 pm — [INFO] — -->GET--->
29/8/2025, 3:35:21 pm — [INFO] — -->POST--->
29/8/2025, 3:38:17 pm — [INFO] — -->GET--->
29/8/2025, 3:38:17 pm — [INFO] — -->GET--->
29/8/2025, 3:39:34 pm — [INFO] — -->GET--->
29/8/2025, 3:39:34 pm — [INFO] — -->GET--->
29/8/2025, 3:39:34 pm — [INFO] — -->GET--->
29/8/2025, 3:39:34 pm — [INFO] — -->GET--->roles
29/8/2025, 3:39:34 pm — [INFO] — -->GET--->
29/8/2025, 3:39:34 pm — [INFO] — -->GET--->roles
29/8/2025, 3:40:43 pm — [INFO] — -->GET--->
29/8/2025, 3:40:43 pm — [INFO] — -->GET--->
29/8/2025, 3:41:08 pm — [INFO] — -->GET--->
29/8/2025, 3:41:08 pm — [INFO] — -->GET--->
29/8/2025, 3:43:32 pm — [INFO] — -->GET--->
29/8/2025, 3:43:32 pm — [INFO] — -->GET--->
29/8/2025, 3:45:12 pm — [INFO] — -->GET--->
29/8/2025, 3:45:12 pm — [INFO] — -->GET--->
29/8/2025, 3:45:12 pm — [INFO] — -->GET--->
29/8/2025, 3:45:12 pm — [INFO] — -->GET--->roles
29/8/2025, 3:45:12 pm — [INFO] — -->GET--->
29/8/2025, 3:45:12 pm — [INFO] — -->GET--->roles
29/8/2025, 3:45:24 pm — [INFO] — -->POST--->
29/8/2025, 3:59:34 pm — [INFO] — -->GET--->
29/8/2025, 3:59:34 pm — [INFO] — -->GET--->
29/8/2025, 3:59:37 pm — [INFO] — -->GET--->
29/8/2025, 3:59:37 pm — [INFO] — -->GET--->
29/8/2025, 3:59:50 pm — [INFO] — -->POST--->
29/8/2025, 3:59:50 pm — [INFO] — -->GET--->
29/8/2025, 3:59:50 pm — [INFO] — -->GET--->
29/8/2025, 3:59:59 pm — [INFO] — -->POST--->
29/8/2025, 3:59:59 pm — [INFO] — -->GET--->
29/8/2025, 3:59:59 pm — [INFO] — -->GET--->
29/8/2025, 4:16:08 pm — [INFO] — -->GET--->
29/8/2025, 4:16:08 pm — [INFO] — -->GET--->
29/8/2025, 4:16:08 pm — [INFO] — -->GET--->
29/8/2025, 4:16:08 pm — [INFO] — -->GET--->
29/8/2025, 4:16:08 pm — [INFO] — -->GET--->
29/8/2025, 4:16:08 pm — [INFO] — -->GET--->
29/8/2025, 4:16:43 pm — [INFO] — -->GET--->
29/8/2025, 4:17:45 pm — [INFO] — -->GET--->
29/8/2025, 4:17:45 pm — [INFO] — -->GET--->
29/8/2025, 4:17:45 pm — [INFO] — -->GET--->
29/8/2025, 4:17:45 pm — [INFO] — -->GET--->
29/8/2025, 4:17:45 pm — [INFO] — -->GET--->
29/8/2025, 4:17:45 pm — [INFO] — -->GET--->
29/8/2025, 4:21:49 pm — [INFO] — -->GET--->
29/8/2025, 4:21:49 pm — [INFO] — -->GET--->
