30/8/2025, 2:27:20 pm — [INFO] — -->GET--->
30/8/2025, 2:27:21 pm — [INFO] — -->GET--->
30/8/2025, 2:27:32 pm — [INFO] — -->POST--->
30/8/2025, 2:27:32 pm — [INFO] — -->GET--->
30/8/2025, 2:27:32 pm — [INFO] — -->GET--->
30/8/2025, 2:27:41 pm — [INFO] — -->GET--->
30/8/2025, 2:27:41 pm — [INFO] — -->GET--->
30/8/2025, 2:27:51 pm — [INFO] — -->GET--->
30/8/2025, 2:27:51 pm — [INFO] — -->GET--->
30/8/2025, 2:27:53 pm — [INFO] — -->POST--->
30/8/2025, 2:28:08 pm — [INFO] — -->POST--->
30/8/2025, 2:28:09 pm — [INFO] — -->GET--->
30/8/2025, 2:28:09 pm — [INFO] — -->GET--->
30/8/2025, 2:28:15 pm — [INFO] — -->GET--->
30/8/2025, 2:28:15 pm — [INFO] — -->GET--->
30/8/2025, 2:28:15 pm — [INFO] — -->GET--->
30/8/2025, 2:28:16 pm — [INFO] — -->GET--->
30/8/2025, 2:30:25 pm — [INFO] — -->GET--->
30/8/2025, 2:30:25 pm — [INFO] — -->GET--->
30/8/2025, 2:37:42 pm — [INFO] — -->POST--->
30/8/2025, 2:40:41 pm — [INFO] — -->GET--->
30/8/2025, 2:40:41 pm — [INFO] — -->GET--->
30/8/2025, 2:41:02 pm — [INFO] — -->POST--->
30/8/2025, 2:41:16 pm — [INFO] — -->POST--->
30/8/2025, 2:41:21 pm — [INFO] — -->GET--->
30/8/2025, 2:41:21 pm — [INFO] — -->GET--->
30/8/2025, 2:41:29 pm — [INFO] — -->GET--->
30/8/2025, 2:41:30 pm — [INFO] — -->GET--->
30/8/2025, 2:41:34 pm — [INFO] — -->GET--->
30/8/2025, 2:41:34 pm — [INFO] — -->GET--->
30/8/2025, 2:41:36 pm — [INFO] — -->GET--->
30/8/2025, 2:41:36 pm — [INFO] — -->GET--->
30/8/2025, 2:50:40 pm — [INFO] — -->POST--->
30/8/2025, 2:51:00 pm — [INFO] — -->POST--->
30/8/2025, 2:51:07 pm — [INFO] — -->GET--->
30/8/2025, 2:51:07 pm — [INFO] — -->GET--->
30/8/2025, 2:51:21 pm — [INFO] — -->POST--->
30/8/2025, 2:51:22 pm — [INFO] — -->GET--->
30/8/2025, 2:51:22 pm — [INFO] — -->GET--->
30/8/2025, 2:51:24 pm — [INFO] — -->GET--->
30/8/2025, 2:51:24 pm — [INFO] — -->GET--->
30/8/2025, 3:06:14 pm — [INFO] — -->GET--->
30/8/2025, 3:06:14 pm — [INFO] — -->GET--->
30/8/2025, 3:06:16 pm — [INFO] — -->GET--->
30/8/2025, 3:06:16 pm — [INFO] — -->GET--->
30/8/2025, 3:06:48 pm — [INFO] — -->POST--->
30/8/2025, 3:06:50 pm — [INFO] — -->POST--->
30/8/2025, 3:07:15 pm — [INFO] — -->POST--->
30/8/2025, 3:07:28 pm — [INFO] — -->POST--->
30/8/2025, 3:07:29 pm — [INFO] — -->GET--->
30/8/2025, 3:07:29 pm — [INFO] — -->GET--->
30/8/2025, 3:07:31 pm — [INFO] — -->GET--->
30/8/2025, 3:07:31 pm — [INFO] — -->GET--->
30/8/2025, 3:12:02 pm — [INFO] — -->GET--->
30/8/2025, 3:12:02 pm — [INFO] — -->GET--->
30/8/2025, 3:12:03 pm — [INFO] — -->POST--->
30/8/2025, 3:12:09 pm — [INFO] — -->POST--->
30/8/2025, 3:12:15 pm — [INFO] — -->GET--->
30/8/2025, 3:12:15 pm — [INFO] — -->GET--->
30/8/2025, 3:12:18 pm — [INFO] — -->GET--->
30/8/2025, 3:12:18 pm — [INFO] — -->GET--->
30/8/2025, 3:12:23 pm — [INFO] — -->GET--->
30/8/2025, 3:12:23 pm — [INFO] — -->GET--->
30/8/2025, 3:12:45 pm — [INFO] — -->POST--->
30/8/2025, 3:12:59 pm — [INFO] — -->POST--->
30/8/2025, 3:13:00 pm — [INFO] — -->GET--->
30/8/2025, 3:13:00 pm — [INFO] — -->GET--->
30/8/2025, 3:13:02 pm — [INFO] — -->GET--->
30/8/2025, 3:13:02 pm — [INFO] — -->GET--->
30/8/2025, 3:14:01 pm — [INFO] — -->POST--->
30/8/2025, 3:14:17 pm — [INFO] — -->POST--->
30/8/2025, 3:14:22 pm — [INFO] — -->GET--->
30/8/2025, 3:14:22 pm — [INFO] — -->GET--->
30/8/2025, 3:14:34 pm — [INFO] — -->POST--->
30/8/2025, 3:29:35 pm — [INFO] — -->GET--->
30/8/2025, 3:29:35 pm — [INFO] — -->GET--->
30/8/2025, 3:29:40 pm — [INFO] — -->GET--->
30/8/2025, 3:29:40 pm — [INFO] — -->GET--->
30/8/2025, 3:30:53 pm — [INFO] — -->POST--->
30/8/2025, 3:31:20 pm — [INFO] — -->POST--->
30/8/2025, 3:31:56 pm — [INFO] — -->GET--->
30/8/2025, 3:31:56 pm — [INFO] — -->GET--->
30/8/2025, 3:31:58 pm — [INFO] — -->GET--->
30/8/2025, 3:31:59 pm — [INFO] — -->GET--->
30/8/2025, 3:36:14 pm — [INFO] — -->POST--->
30/8/2025, 3:36:19 pm — [INFO] — -->GET--->
30/8/2025, 3:36:20 pm — [INFO] — -->GET--->
30/8/2025, 3:36:44 pm — [INFO] — -->POST--->
30/8/2025, 3:36:58 pm — [INFO] — -->POST--->
30/8/2025, 3:36:59 pm — [INFO] — -->GET--->
30/8/2025, 3:36:59 pm — [INFO] — -->GET--->
30/8/2025, 3:37:01 pm — [INFO] — -->GET--->
30/8/2025, 3:37:01 pm — [INFO] — -->GET--->
30/8/2025, 3:38:45 pm — [INFO] — -->GET--->
30/8/2025, 3:38:45 pm — [INFO] — -->GET--->
30/8/2025, 3:38:47 pm — [INFO] — -->GET--->
30/8/2025, 3:38:47 pm — [INFO] — -->GET--->
30/8/2025, 3:38:49 pm — [INFO] — -->POST--->
30/8/2025, 3:38:52 pm — [INFO] — -->POST--->
30/8/2025, 3:39:19 pm — [INFO] — -->POST--->
30/8/2025, 3:39:34 pm — [INFO] — -->POST--->
30/8/2025, 3:39:35 pm — [INFO] — -->GET--->
30/8/2025, 3:39:35 pm — [INFO] — -->GET--->
30/8/2025, 3:39:41 pm — [INFO] — -->POST--->
30/8/2025, 3:49:25 pm — [INFO] — -->GET--->
30/8/2025, 3:49:25 pm — [INFO] — -->GET--->
30/8/2025, 3:49:27 pm — [INFO] — -->POST--->
30/8/2025, 3:49:48 pm — [INFO] — -->POST--->
30/8/2025, 3:53:19 pm — [INFO] — -->GET--->
30/8/2025, 3:53:19 pm — [INFO] — -->GET--->
30/8/2025, 3:53:29 pm — [INFO] — -->GET--->
30/8/2025, 3:53:29 pm — [INFO] — -->GET--->
30/8/2025, 3:53:55 pm — [INFO] — -->POST--->
30/8/2025, 3:57:47 pm — [INFO] — -->POST--->
30/8/2025, 3:57:56 pm — [INFO] — -->GET--->
30/8/2025, 3:57:56 pm — [INFO] — -->GET--->
30/8/2025, 3:58:07 pm — [INFO] — -->GET--->
30/8/2025, 3:58:07 pm — [INFO] — -->GET--->
30/8/2025, 3:58:07 pm — [INFO] — -->GET--->
30/8/2025, 3:58:07 pm — [INFO] — -->GET--->roles
30/8/2025, 3:58:08 pm — [INFO] — -->GET--->
30/8/2025, 3:58:08 pm — [INFO] — -->GET--->roles
30/8/2025, 3:59:42 pm — [INFO] — -->GET--->
30/8/2025, 3:59:42 pm — [INFO] — -->GET--->
30/8/2025, 3:59:44 pm — [INFO] — -->GET--->
30/8/2025, 3:59:44 pm — [INFO] — -->GET--->
30/8/2025, 3:59:46 pm — [INFO] — -->GET--->
30/8/2025, 3:59:46 pm — [INFO] — -->GET--->
30/8/2025, 3:59:53 pm — [INFO] — -->GET--->
30/8/2025, 3:59:53 pm — [INFO] — -->GET--->
30/8/2025, 3:59:53 pm — [INFO] — -->GET--->
30/8/2025, 3:59:53 pm — [INFO] — -->GET--->roles
30/8/2025, 3:59:53 pm — [INFO] — -->GET--->
30/8/2025, 3:59:53 pm — [INFO] — -->GET--->roles
30/8/2025, 3:59:58 pm — [INFO] — -->GET--->
30/8/2025, 3:59:58 pm — [INFO] — -->GET--->
30/8/2025, 4:00:22 pm — [INFO] — -->GET--->
30/8/2025, 4:00:22 pm — [INFO] — -->GET--->
30/8/2025, 4:00:35 pm — [INFO] — -->POST--->
30/8/2025, 4:00:35 pm — [INFO] — -->GET--->
30/8/2025, 4:00:35 pm — [INFO] — -->GET--->
30/8/2025, 4:01:20 pm — [INFO] — -->GET--->
30/8/2025, 4:01:20 pm — [INFO] — -->GET--->
30/8/2025, 4:04:52 pm — [INFO] — -->GET--->
30/8/2025, 4:04:52 pm — [INFO] — -->GET--->
30/8/2025, 4:04:59 pm — [INFO] — -->GET--->
30/8/2025, 4:04:59 pm — [INFO] — -->GET--->
30/8/2025, 4:05:07 pm — [INFO] — -->GET--->
30/8/2025, 4:05:07 pm — [INFO] — -->GET--->
30/8/2025, 4:05:09 pm — [INFO] — -->GET--->
30/8/2025, 4:05:09 pm — [INFO] — -->GET--->
30/8/2025, 4:08:20 pm — [INFO] — -->GET--->
30/8/2025, 4:08:20 pm — [INFO] — -->GET--->
30/8/2025, 4:08:23 pm — [INFO] — -->GET--->
30/8/2025, 4:08:23 pm — [INFO] — -->GET--->
30/8/2025, 4:08:29 pm — [INFO] — -->PUT--->
30/8/2025, 4:10:32 pm — [INFO] — -->GET--->
30/8/2025, 4:10:32 pm — [INFO] — -->GET--->
30/8/2025, 4:11:19 pm — [INFO] — -->POST--->
30/8/2025, 4:18:17 pm — [INFO] — -->GET--->
30/8/2025, 4:18:17 pm — [INFO] — -->GET--->
30/8/2025, 4:18:29 pm — [INFO] — -->GET--->
30/8/2025, 4:18:29 pm — [INFO] — -->GET--->
30/8/2025, 4:19:00 pm — [INFO] — -->PUT--->
30/8/2025, 4:20:21 pm — [INFO] — -->POST--->
30/8/2025, 4:20:47 pm — [INFO] — -->DELETE--->
30/8/2025, 4:23:03 pm — [INFO] — -->GET--->
30/8/2025, 4:23:03 pm — [INFO] — -->GET--->
30/8/2025, 4:23:07 pm — [INFO] — -->GET--->
30/8/2025, 4:23:07 pm — [INFO] — -->GET--->
30/8/2025, 4:23:14 pm — [INFO] — -->PUT--->
30/8/2025, 4:24:19 pm — [INFO] — -->POST--->
30/8/2025, 4:31:30 pm — [INFO] — -->GET--->
30/8/2025, 4:31:30 pm — [INFO] — -->GET--->
30/8/2025, 4:31:31 pm — [INFO] — -->POST--->
30/8/2025, 4:31:38 pm — [INFO] — -->POST--->
30/8/2025, 4:31:39 pm — [INFO] — -->GET--->
30/8/2025, 4:31:39 pm — [INFO] — -->GET--->
30/8/2025, 4:31:42 pm — [INFO] — -->GET--->
30/8/2025, 4:31:42 pm — [INFO] — -->GET--->
30/8/2025, 4:31:42 pm — [INFO] — -->GET--->
30/8/2025, 4:31:42 pm — [INFO] — -->GET--->bills
30/8/2025, 4:31:42 pm — [INFO] — -->GET--->
30/8/2025, 4:31:42 pm — [INFO] — -->GET--->bills
30/8/2025, 4:31:42 pm — [INFO] — -->GET--->
30/8/2025, 4:31:42 pm — [INFO] — -->GET--->
30/8/2025, 4:31:42 pm — [INFO] — -->GET--->
30/8/2025, 4:31:43 pm — [INFO] — -->GET--->
30/8/2025, 4:31:46 pm — [INFO] — -->GET--->
30/8/2025, 4:31:47 pm — [INFO] — -->GET--->
30/8/2025, 4:31:47 pm — [INFO] — -->GET--->
30/8/2025, 4:31:47 pm — [INFO] — -->GET--->
30/8/2025, 4:31:47 pm — [INFO] — -->GET--->
30/8/2025, 4:31:47 pm — [INFO] — -->GET--->
30/8/2025, 4:31:47 pm — [INFO] — -->GET--->
30/8/2025, 4:31:47 pm — [INFO] — -->GET--->
30/8/2025, 4:31:47 pm — [INFO] — -->GET--->
30/8/2025, 4:31:47 pm — [INFO] — -->GET--->
30/8/2025, 4:31:52 pm — [INFO] — -->GET--->
30/8/2025, 4:31:53 pm — [INFO] — -->GET--->
30/8/2025, 4:31:53 pm — [INFO] — -->GET--->
30/8/2025, 4:31:53 pm — [INFO] — -->GET--->bills
30/8/2025, 4:31:53 pm — [INFO] — -->GET--->
30/8/2025, 4:31:53 pm — [INFO] — -->GET--->bills
30/8/2025, 4:31:53 pm — [INFO] — -->GET--->
30/8/2025, 4:31:53 pm — [INFO] — -->GET--->
30/8/2025, 4:31:53 pm — [INFO] — -->GET--->
30/8/2025, 4:31:53 pm — [INFO] — -->GET--->
30/8/2025, 4:31:54 pm — [INFO] — -->POST--->
30/8/2025, 4:31:54 pm — [INFO] — -->POST--->bills
30/8/2025, 4:58:26 pm — [INFO] — -->GET--->
30/8/2025, 4:58:26 pm — [INFO] — -->GET--->
30/8/2025, 4:58:33 pm — [INFO] — -->POST--->
30/8/2025, 4:58:33 pm — [INFO] — -->POST--->bills
30/8/2025, 5:04:43 pm — [INFO] — -->GET--->
30/8/2025, 5:04:43 pm — [INFO] — -->GET--->
30/8/2025, 5:04:44 pm — [INFO] — -->POST--->
